<?xml version="1.0" encoding="UTF-8"?>
<!-- Generated by org.testng.reporters.JUnitReportReporter -->
<testsuite skipped="0" hostname="jh-PC" name="com.lemon.api.auto10.TestCases.LoginTestCase" tests="5" failures="0" timestamp="11 三月 2020 03:03:22 GMT" time="3.820" errors="0">
  <testcase name="test1" time="0.234" classname="com.lemon.api.auto10.TestCases.LoginTestCase"/>
  <testcase name="test1" time="0.093" classname="com.lemon.api.auto10.TestCases.LoginTestCase"/>
  <testcase name="test1" time="0.100" classname="com.lemon.api.auto10.TestCases.LoginTestCase"/>
  <testcase name="test1" time="0.232" classname="com.lemon.api.auto10.TestCases.LoginTestCase"/>
  <testcase name="test1" time="3.161" classname="com.lemon.api.auto10.TestCases.LoginTestCase"/>
</testsuite> <!-- com.lemon.api.auto10.TestCases.LoginTestCase -->
