<?xml version="1.0" encoding="UTF-8"?>
<!-- Generated by org.testng.reporters.JUnitReportReporter -->
<testsuite skipped="0" hostname="jh-PC" name="com.lemon.api.auto10.TestCases.RechargeTestCase" tests="9" failures="0" timestamp="11 三月 2020 03:03:22 GMT" time="3.294" errors="0">
  <testcase name="test1" time="0.093" classname="com.lemon.api.auto10.TestCases.RechargeTestCase"/>
  <testcase name="test1" time="0.089" classname="com.lemon.api.auto10.TestCases.RechargeTestCase"/>
  <testcase name="test1" time="0.088" classname="com.lemon.api.auto10.TestCases.RechargeTestCase"/>
  <testcase name="test1" time="0.087" classname="com.lemon.api.auto10.TestCases.RechargeTestCase"/>
  <testcase name="test1" time="0.093" classname="com.lemon.api.auto10.TestCases.RechargeTestCase"/>
  <testcase name="test1" time="0.091" classname="com.lemon.api.auto10.TestCases.RechargeTestCase"/>
  <testcase name="test1" time="2.575" classname="com.lemon.api.auto10.TestCases.RechargeTestCase"/>
  <testcase name="test1" time="0.087" classname="com.lemon.api.auto10.TestCases.RechargeTestCase"/>
  <testcase name="test1" time="0.091" classname="com.lemon.api.auto10.TestCases.RechargeTestCase"/>
</testsuite> <!-- com.lemon.api.auto10.TestCases.RechargeTestCase -->
