<?xml version="1.0" encoding="UTF-8"?>
<!-- Generated by org.testng.reporters.JUnitReportReporter -->
<testsuite skipped="0" hostname="jh-PC" name="com.lemon.api.auto10.TestCases.RegisterTestCase_v9" tests="6" failures="0" timestamp="11 三月 2020 03:03:22 GMT" time="12.034" errors="0">
  <testcase name="test1" time="0.093" classname="com.lemon.api.auto10.TestCases.RegisterTestCase_v9"/>
  <testcase name="test1" time="0.092" classname="com.lemon.api.auto10.TestCases.RegisterTestCase_v9"/>
  <testcase name="test1" time="11.597" classname="com.lemon.api.auto10.TestCases.RegisterTestCase_v9"/>
  <testcase name="test1" time="0.092" classname="com.lemon.api.auto10.TestCases.RegisterTestCase_v9"/>
  <testcase name="test1" time="0.073" classname="com.lemon.api.auto10.TestCases.RegisterTestCase_v9"/>
  <testcase name="test1" time="0.087" classname="com.lemon.api.auto10.TestCases.RegisterTestCase_v9"/>
</testsuite> <!-- com.lemon.api.auto10.TestCases.RegisterTestCase_v9 -->
